<?xml version="1.0" encoding="UTF-8"?>
<!-- Generated by org.testng.reporters.JUnitReportReporter -->
<testsuite hostname="DESKTOP-M4VETF1" failures="0" tests="1" name="com.test.LoginTest" time="16.930" errors="0" timestamp="2025-04-17T18:02:07 IST" skipped="0">
  <testcase classname="com.test.LoginTest" name="testLogin" time="16.930"/>
</testsuite> <!-- com.test.LoginTest -->
