<?xml version="1.0" encoding="UTF-8"?>
<!-- Generated by org.testng.reporters.JUnitReportReporter -->
<testsuite hostname="DESKTOP-M4VETF1" failures="0" tests="1" name="com.test.LoginTest" time="7.612" errors="0" timestamp="2025-04-18T08:59:49 IST" skipped="0">
  <testcase classname="com.test.LoginTest" name="testLogin" time="7.612"/>
</testsuite> <!-- com.test.LoginTest -->
