<?xml version="1.0" encoding="UTF-8"?>
<!-- Generated by org.testng.reporters.JUnitReportReporter -->
<testsuite hostname="DESKTOP-N1I5K5O" failures="0" tests="1" name="com.test.LoginTest" time="11.859" errors="0" timestamp="2025-06-27T13:57:17 IST" skipped="0">
  <testcase classname="com.test.LoginTest" name="testLogin" time="11.859"/>
</testsuite> <!-- com.test.LoginTest -->
