<?xml version="1.0" encoding="UTF-8"?>
<!-- Generated by org.testng.reporters.JUnitReportReporter -->
<testsuite hostname="DESKTOP-N1I5K5O" failures="0" tests="1" name="com.test.LoginTest" time="16.839" errors="0" timestamp="2025-06-21T09:31:37 IST" skipped="0">
  <testcase classname="com.test.LoginTest" name="testLogin" time="16.839"/>
</testsuite> <!-- com.test.LoginTest -->
